c:\users\edward\desktop\current\clip2txt\clip2txt\release\clip2txt.pch
c:\users\edward\desktop\current\clip2txt\clip2txt\release\vc143.pdb
c:\users\edward\desktop\current\clip2txt\clip2txt\release\stdafx.obj
c:\users\edward\desktop\current\clip2txt\clip2txt\release\clip2txt.obj
c:\users\edward\desktop\current\clip2txt\release\clip2txt.exe
c:\users\edward\desktop\current\clip2txt\release\clip2txt.pdb
c:\users\edward\desktop\current\clip2txt\clip2txt\release\clip2txt.res
c:\users\edward\desktop\current\clip2txt\clip2txt\release\clip2txt.ipdb
c:\users\edward\desktop\current\clip2txt\clip2txt\release\clip2txt.iobj
c:\users\edward\desktop\current\clip2txt\clip2txt\release\clip2txt.tlog\cl.command.1.tlog
c:\users\edward\desktop\current\clip2txt\clip2txt\release\clip2txt.tlog\cl.items.tlog
c:\users\edward\desktop\current\clip2txt\clip2txt\release\clip2txt.tlog\cl.read.1.tlog
c:\users\edward\desktop\current\clip2txt\clip2txt\release\clip2txt.tlog\cl.write.1.tlog
c:\users\edward\desktop\current\clip2txt\clip2txt\release\clip2txt.tlog\link.command.1.tlog
c:\users\edward\desktop\current\clip2txt\clip2txt\release\clip2txt.tlog\link.read.1.tlog
c:\users\edward\desktop\current\clip2txt\clip2txt\release\clip2txt.tlog\link.secondary.1.tlog
c:\users\edward\desktop\current\clip2txt\clip2txt\release\clip2txt.tlog\link.write.1.tlog
c:\users\edward\desktop\current\clip2txt\clip2txt\release\clip2txt.tlog\rc.command.1.tlog
c:\users\edward\desktop\current\clip2txt\clip2txt\release\clip2txt.tlog\rc.read.1.tlog
c:\users\edward\desktop\current\clip2txt\clip2txt\release\clip2txt.tlog\rc.write.1.tlog
